15:56:52 **** Incremental Build of configuration Debug for project Stop_Watch ****
make all 
Building file: ../app.c
Invoking: AVR Compiler
avr-gcc -Wall -g2 -gstabs -O0 -fpack-struct -fshort-enums -ffunction-sections -fdata-sections -std=gnu99 -funsigned-char -funsigned-bitfields -mmcu=atmega32 -DF_CPU=1000000UL -MMD -MP -MF"app.d" -MT"app.o" -c -o "app.o" "../app.c"
In file included from ../app.c:10:
c:/winavr-20100110/lib/gcc/../../avr/include/util/delay.h:90:3: warning: #warning "Compiler optimizations disabled; functions from <util/delay.h> won't work as designed"
Finished building: ../app.c
 
Building target: Stop_Watch.elf
Invoking: AVR C Linker
avr-gcc -Wl,-Map,Stop_Watch.map -mmcu=atmega32 -o "Stop_Watch.elf"  ./app.o ./gpio.o   
Finished building target: Stop_Watch.elf
 
Invoking: AVR Create Extended Listing
avr-objdump -h -S Stop_Watch.elf  >"Stop_Watch.lss"
Finished building: Stop_Watch.lss
 
Invoking: Print Size
avr-size --format=avr --mcu=atmega32 Stop_Watch.elf
AVR Memory Usage
----------------
Device: atmega32

Program:    7226 bytes (22.1% Full)
(.text + .data + .bootloader)

Data:         13 bytes (0.6% Full)
(.data + .bss + .noinit)


Finished building: sizedummy
 

15:56:52 Build Finished. 0 errors, 1 warnings. (took 663ms)

